<?xml version="1.0" encoding="UTF-8"?>
<!-- Generated by org.testng.reporters.JUnitXMLReporter -->
<testsuite ignored="0" hostname="LAPTOP-TGTILDEU" failures="0" tests="3" name="Default test" time="3.998" errors="0" timestamp="2024-08-14T10:49:18 IST">
  <testcase classname="com.qa.testcases.TC_ValidateMainElementes_005" name="test1" time="2.375"/>
  <testcase classname="com.qa.testcases.TC_ValidateMainElementes_005" name="test2" time="0.118"/>
  <testcase classname="com.qa.testcases.TC_ValidateMainElementes_005" name="test3" time="0.014"/>
</testsuite> <!-- Default test -->
