<?xml version="1.0" encoding="UTF-8"?>
<testng-results ignored="0" total="3" passed="3" failed="0" skipped="0">
  <reporter-output>
  </reporter-output>
  <suite started-at="2024-08-14T10:49:14 IST" name="Default suite" finished-at="2024-08-14T10:49:18 IST" duration-ms="3998">
    <groups>
    </groups>
    <test started-at="2024-08-14T10:49:14 IST" name="Default test" finished-at="2024-08-14T10:49:18 IST" duration-ms="3998">
      <class name="com.qa.testcases.TC_ValidateMainElementes_005">
        <test-method is-config="true" signature="setUp()[pri:0, instance:com.qa.testcases.TC_ValidateMainElementes_005@196a42c3]" started-at="2024-08-14T10:49:14 IST" name="setUp" finished-at="2024-08-14T10:49:15 IST" duration-ms="1444" status="PASS">
          <reporter-output>
          </reporter-output>
        </test-method> <!-- setUp -->
        <test-method signature="test1()[pri:0, instance:com.qa.testcases.TC_ValidateMainElementes_005@196a42c3]" started-at="2024-08-14T10:49:15 IST" name="test1" finished-at="2024-08-14T10:49:18 IST" duration-ms="2375" status="PASS">
          <reporter-output>
          </reporter-output>
        </test-method> <!-- test1 -->
        <test-method signature="test2()[pri:0, instance:com.qa.testcases.TC_ValidateMainElementes_005@196a42c3]" started-at="2024-08-14T10:49:18 IST" name="test2" finished-at="2024-08-14T10:49:18 IST" duration-ms="118" status="PASS">
          <reporter-output>
          </reporter-output>
        </test-method> <!-- test2 -->
        <test-method signature="test3()[pri:0, instance:com.qa.testcases.TC_ValidateMainElementes_005@196a42c3]" started-at="2024-08-14T10:49:18 IST" name="test3" finished-at="2024-08-14T10:49:18 IST" duration-ms="14" status="PASS">
          <reporter-output>
          </reporter-output>
        </test-method> <!-- test3 -->
        <test-method is-config="true" signature="tearDown()[pri:0, instance:com.qa.testcases.TC_ValidateMainElementes_005@196a42c3]" started-at="2024-08-14T10:49:18 IST" name="tearDown" finished-at="2024-08-14T10:49:18 IST" duration-ms="2" status="PASS">
          <reporter-output>
          </reporter-output>
        </test-method> <!-- tearDown -->
      </class> <!-- com.qa.testcases.TC_ValidateMainElementes_005 -->
    </test> <!-- Default test -->
  </suite> <!-- Default suite -->
</testng-results>
